标题：物质鉴别
2023/05/14-17:09:08  进入第（1）小题的问题解决页面
2023/05/14-17:09:10  页3填空：6
2023/05/14-17:09:10  页3填空：66
2023/05/14-17:09:11  页3填空：666
2023/05/14-17:09:15  选择液体密度为：6g/cm3
2023/05/14-17:09:15  点击试验(A,6)
2023/05/14-17:09:16  点击记录
2023/05/14-17:09:16  表格记录数据 “A,6,下沉”
2023/05/14-17:09:17  点击恢复
2023/05/14-17:09:18  选择液体密度为：10g/cm3
2023/05/14-17:09:19  点击试验(A,10)
2023/05/14-17:09:19  点击记录
2023/05/14-17:09:19  表格记录数据 “A,10,漂浮”
2023/05/14-17:09:20  点击恢复
2023/05/14-17:09:22  点击删除
2023/05/14-17:09:22  表格删除数据 “A,6,下沉”
2023/05/14-17:09:23  页3作答理由：7777777777
2023/05/14-17:09:23  表格全部记录 {name:"物质鉴别",tablecolumn:["材质","液体密度(g/cm³)","状态","操作"],tabledata:[{id:2,value:["A","10","漂浮"]}]}
2023/05/14-17:09:24  离开第（1）小题的问题解决页面
2023/05/14-17:09:24  进入第（2）小题的问题解决页面
2023/05/14-17:10:03  页4下拉选择：5~10之间
2023/05/14-17:10:05  页4作答理由：444444444
2023/05/14-17:10:05  表格全部记录 {name:"物质鉴别",tablecolumn:["材质","液体密度(g/cm³)","状态","操作"],tabledata:[{id:1,value:["","",""]},{id:2,value:["","",""]},{id:3,value:["","",""]}]}
2023/05/14-17:10:06  离开第（2）小题的问题解决页面
2023/05/14-17:10:06  进入第（3）小题的问题解决页面
2023/05/14-17:10:10  页5A下拉选择：纯银
2023/05/14-17:10:10  页5B下拉选择：金镀银
2023/05/14-17:10:11  页5C下拉选择：银镀金
2023/05/14-17:10:12  页5D下拉选择：纯银
2023/05/14-17:10:17  选择材质为B
2023/05/14-17:10:18  点击试验(B,14)
2023/05/14-17:10:19  点击记录
2023/05/14-17:10:19  表格记录数据 “B,14,漂浮”
2023/05/14-17:10:21  点击记录
2023/05/14-17:10:21  表格记录数据 “B,14,漂浮”
2023/05/14-17:10:21  点击记录
2023/05/14-17:10:21  表格记录数据 “B,14,漂浮”
2023/05/14-17:10:21  点击记录
2023/05/14-17:10:21  表格记录数据 “B,14,漂浮”
2023/05/14-17:10:21  点击记录
2023/05/14-17:10:21  表格记录数据 “B,14,漂浮”
2023/05/14-17:10:22  点击恢复
2023/05/14-17:10:23  点击删除
2023/05/14-17:10:23  表格删除数据 “B,14,漂浮”
2023/05/14-17:10:24  点击删除
2023/05/14-17:10:24  表格删除数据 “B,14,漂浮”
2023/05/14-17:10:25  页5作答理由：666666666
2023/05/14-17:10:25  表格全部记录 {name:"物质鉴别",tablecolumn:["材质","液体密度(g/cm³)","状态","操作"],tabledata:[{id:1,value:["B","14","漂浮"]},{id:2,value:["B","14","漂浮"]},{id:5,value:["B","14","漂浮"]}]}
2023/05/14-17:10:26  离开第（3）小题的问题解决页面
2023/05/14-17:10:26  进入第（4）小题的问题解决页面
2023/05/14-17:10:28  页6点击选项：外部材质
2023/05/14-17:10:33  选择材质为C
2023/05/14-17:10:33  点击试验(C,14)
2023/05/14-17:10:34  点击记录
2023/05/14-17:10:34  表格记录数据 “C,14,漂浮”
2023/05/14-17:10:34  点击记录
2023/05/14-17:10:34  表格记录数据 “C,14,漂浮”
2023/05/14-17:10:35  点击删除
2023/05/14-17:10:35  表格删除数据 “C,14,漂浮”
2023/05/14-17:10:36  点击记录
2023/05/14-17:10:36  表格记录数据 “C,14,漂浮”
2023/05/14-17:10:36  点击记录
2023/05/14-17:10:36  表格记录数据 “C,14,漂浮”
2023/05/14-17:10:37  点击删除
2023/05/14-17:10:37  表格删除数据 “C,14,漂浮”
2023/05/14-17:10:39  点击恢复
2023/05/14-17:10:40  页6作答理由：8888888888
2023/05/14-17:10:40  表格全部记录 {name:"物质鉴别",tablecolumn:["材质","液体密度(g/cm³)","状态","操作"],tabledata:[{id:3,value:["C","14","漂浮"]},{id:4,value:["C","14","漂浮"]}]}
2023/05/14-17:10:40  离开第（4）小题的问题解决页面
标题：土壤组成
2023/05/14-17:11:23  进入第（1）小题的问题解决页面
2023/05/14-17:11:25  页3第二个下拉选择：少量
2023/05/14-17:11:28  点击试验(泥炭土无,颗粒土无)
2023/05/14-17:11:29  点击记录
2023/05/14-17:11:29  表格记录数据 “无,无,50mL”
2023/05/14-17:11:29  点击记录
2023/05/14-17:11:29  表格记录数据 “无,无,50mL”
2023/05/14-17:11:29  点击记录
2023/05/14-17:11:29  表格记录数据 “无,无,50mL”
2023/05/14-17:11:29  点击记录
2023/05/14-17:11:29  表格记录数据 “无,无,50mL”
2023/05/14-17:11:29  点击记录
2023/05/14-17:11:29  表格记录数据 “无,无,50mL”
2023/05/14-17:11:30  点击删除
2023/05/14-17:11:30  表格删除数据 “无,无,50mL”
2023/05/14-17:11:31  点击记录
2023/05/14-17:11:31  表格记录数据 “无,无,50mL”
2023/05/14-17:11:32  点击恢复
2023/05/14-17:11:33  页3作答理由：666666666
2023/05/14-17:11:33  表格全部记录 {name:"土壤组成",tablecolumn:["泥炭土量","颗粒土量","5s内流出液体总体积（mL）","操作"],tabledata:[{id:1,value:["无","无","50mL"]},{id:3,value:["无","无","50mL"]},{id:4,value:["无","无","50mL"]},{id:5,value:["无","无","50mL"]},{id:6,value:["无","无","50mL"]}]}
2023/05/14-17:11:36  页3第一个下拉选择：少量
2023/05/14-17:11:37  页3作答理由：666666666
2023/05/14-17:11:37  表格全部记录 {name:"土壤组成",tablecolumn:["泥炭土量","颗粒土量","5s内流出液体总体积（mL）","操作"],tabledata:[{id:1,value:["无","无","50mL"]},{id:3,value:["无","无","50mL"]},{id:4,value:["无","无","50mL"]},{id:5,value:["无","无","50mL"]},{id:6,value:["无","无","50mL"]}]}
2023/05/14-17:11:37  离开第（1）小题的问题解决页面
2023/05/14-17:11:37  进入第（2）小题的问题解决页面
2023/05/14-17:11:39  页4第二个下拉选择：小于
2023/05/14-17:11:40  页4第一个下拉选择：小于
2023/05/14-17:11:43  点击试验(泥炭土无,颗粒土无)
2023/05/14-17:11:43  点击记录
2023/05/14-17:11:43  表格记录数据 “无,无,50mL”
2023/05/14-17:11:44  点击恢复
2023/05/14-17:11:46  点击试验(泥炭土无,颗粒土无)
2023/05/14-17:11:47  点击记录
2023/05/14-17:11:47  表格记录数据 “无,无,50mL”
2023/05/14-17:11:47  点击记录
2023/05/14-17:11:47  表格记录数据 “无,无,50mL”
2023/05/14-17:11:47  点击记录
2023/05/14-17:11:47  表格记录数据 “无,无,50mL”
2023/05/14-17:11:47  点击记录
2023/05/14-17:11:47  表格记录数据 “无,无,50mL”
2023/05/14-17:11:48  点击恢复
2023/05/14-17:11:48  页4作答理由：8999999999
2023/05/14-17:11:48  表格全部记录 {name:"土壤组成",tablecolumn:["泥炭土量","颗粒土量","5s内流出液体总体积（mL）","操作"],tabledata:[{id:1,value:["无","无","50mL"]},{id:2,value:["无","无","50mL"]},{id:3,value:["无","无","50mL"]},{id:4,value:["无","无","50mL"]},{id:5,value:["无","无","50mL"]}]}
2023/05/14-17:11:49  离开第（2）小题的问题解决页面
标题：植物生长
2023/05/14-17:11:57  进入第（1）小题的问题解决页面
2023/05/14-17:11:59  页3第一个下拉选择：降低
2023/05/14-17:12:00  页3第二个下拉选择：不变
2023/05/14-17:12:03  拖拽植物进光照强度为强光
2023/05/14-17:12:04  选择肥量为6g
2023/05/14-17:12:05  拖拽植物进光照强度为强光
2023/05/14-17:12:06  选择肥量为5g
2023/05/14-17:12:07  点击试验
2023/05/14-17:12:07  点击记录
2023/05/14-17:12:07  表格记录数据 “强光,5,5,9”
2023/05/14-17:12:07  表格记录数据 “强光,6,5,9”
2023/05/14-17:12:10  点击恢复
2023/05/14-17:12:12  拖拽植物进光照强度为中光
2023/05/14-17:12:13  选择肥量为5g
2023/05/14-17:12:14  点击试验
2023/05/14-17:12:15  点击记录
2023/05/14-17:12:15  表格记录数据 “中等光,5,4,8”
2023/05/14-17:12:15  点击记录
2023/05/14-17:12:15  表格记录数据 “中等光,5,4,8”
2023/05/14-17:12:17  点击删除
2023/05/14-17:12:17  表格删除数据 “中等光,5,4,8”
2023/05/14-17:12:18  点击删除
2023/05/14-17:12:18  表格删除数据 “强光,5,5,9”
2023/05/14-17:12:19  页3作答理由：888888888888
2023/05/14-17:12:19  表格全部记录 {name:"植物生长",tablecolumn:["光照强度","肥量（g）","高度（cm）","开花数量（朵）","操作"],tabledata:[{id:2,value:["强光","6","5","9"]},{id:4,value:["中等光","5","4","8"]}]}
2023/05/14-17:12:20  离开第（1）小题的问题解决页面
2023/05/14-17:12:20  进入第（2）小题的问题解决页面
2023/05/14-17:12:22  页4第一个下拉选择：随着肥量增加，开花数量减少
2023/05/14-17:12:23  页4第二个下拉选择：随着肥量增加，开花数量增长
2023/05/14-17:12:29  拖拽植物到位置5
2023/05/14-17:12:31  选择肥量为7g
2023/05/14-17:12:32  点击试验
2023/05/14-17:12:32  点击记录
2023/05/14-17:12:32  表格记录数据 “强光,7,5,5”
2023/05/14-17:12:32  点击记录
2023/05/14-17:12:32  表格记录数据 “强光,7,5,5”
2023/05/14-17:12:33  点击记录
2023/05/14-17:12:33  表格记录数据 “强光,7,5,5”
2023/05/14-17:12:33  点击记录
2023/05/14-17:12:33  表格记录数据 “强光,7,5,5”
2023/05/14-17:12:34  页4作答理由：141414
2023/05/14-17:12:34  表格全部记录 {name:"植物生长",tablecolumn:["光照强度","肥量（g）","高度（cm）","开花数量（朵）","操作"],tabledata:[{id:1,value:["强光","7","5","5"]},{id:2,value:["强光","7","5","5"]},{id:3,value:["强光","7","5","5"]},{id:4,value:["强光","7","5","5"]}]}
2023/05/14-17:12:34  离开第（2）小题的问题解决页面
2023/05/14-17:12:34  进入第（3）小题的问题解决页面
2023/05/14-17:12:36  页5下拉选择：中
2023/05/14-17:12:37  页5填空：8
2023/05/14-17:12:37  页5填空：88
2023/05/14-17:12:43  拖拽植物进光照强度为中光
2023/05/14-17:12:45  选择肥量为5g
2023/05/14-17:12:45  点击试验
2023/05/14-17:12:49  点击记录
2023/05/14-17:12:49  表格记录数据 “中等光,5,5,6”
2023/05/14-17:12:49  点击记录
2023/05/14-17:12:49  表格记录数据 “中等光,5,5,6”
2023/05/14-17:12:49  点击记录
2023/05/14-17:12:49  表格记录数据 “中等光,5,5,6”
2023/05/14-17:12:49  点击记录
2023/05/14-17:12:49  表格记录数据 “中等光,5,5,6”
2023/05/14-17:12:49  点击记录
2023/05/14-17:12:49  表格记录数据 “中等光,5,5,6”
2023/05/14-17:12:51  点击删除
2023/05/14-17:12:51  表格删除数据 “中等光,5,5,6”
2023/05/14-17:12:51  点击删除
2023/05/14-17:12:51  表格删除数据 “中等光,5,5,6”
2023/05/14-17:12:52  点击恢复
2023/05/14-17:12:53  拖拽植物进光照强度为中光
2023/05/14-17:12:54  选择肥量为4g
2023/05/14-17:12:56  拖拽植物进光照强度为弱光
2023/05/14-17:12:57  选择肥量为3g
2023/05/14-17:12:58  点击试验
2023/05/14-17:12:59  点击记录
2023/05/14-17:12:59  表格记录数据 “中等光,4,5,7”
2023/05/14-17:12:59  表格记录数据 “弱光,3,4,7”
2023/05/14-17:13:00  点击记录
2023/05/14-17:13:00  表格记录数据 “中等光,4,5,7”
2023/05/14-17:13:00  表格记录数据 “弱光,3,4,7”
2023/05/14-17:13:01  点击恢复
2023/05/14-17:13:02  页5作答理由：151515
2023/05/14-17:13:02  表格全部记录 {name:"植物生长",tablecolumn:["光照强度","肥量（g）","高度（cm）","开花数量（朵）","操作"],tabledata:[{id:1,value:["中等光","5","5","6"]},{id:4,value:["中等光","5","5","6"]},{id:5,value:["中等光","5","5","6"]},{id:6,value:["中等光","4","5","7"]},{id:7,value:["弱光","3","4","7"]},{id:8,value:["中等光","4","5","7"]},{id:9,value:["弱光","3","4","7"]}]}
2023/05/14-17:13:02  离开第（3）小题的问题解决页面
标题：航天器
2023/05/14-17:13:45  进入第（1）小题的问题解决页面
2023/05/14-17:13:48  页3下拉选择：月球
2023/05/14-17:13:49  页3填空：5
2023/05/14-17:13:52  选择距离为11(×10³km)
2023/05/14-17:13:53  选择星球为月球
2023/05/14-17:13:53  点击试验(月球,11×10³km)
2023/05/14-17:13:53  点击记录
2023/05/14-17:13:53  表格记录数据 “月球,11.0,远离”
2023/05/14-17:13:54  点击记录
2023/05/14-17:13:54  表格记录数据 “月球,11.0,远离”
2023/05/14-17:13:54  点击记录
2023/05/14-17:13:54  表格记录数据 “月球,11.0,远离”
2023/05/14-17:13:54  点击记录
2023/05/14-17:13:54  表格记录数据 “月球,11.0,远离”
2023/05/14-17:13:55  点击删除
2023/05/14-17:13:55  表格删除数据 “月球,11.0,远离”
2023/05/14-17:13:56  点击恢复
2023/05/14-17:13:56  页3作答理由：55555555555555
2023/05/14-17:13:56  表格全部记录 {name:"航天器",tablecolumn:["星球","距离（×10³km）","状态","操作"],tabledata:[{id:1,value:["月球","11.0","远离"]},{id:2,value:["月球","11.0","远离"]},{id:4,value:["月球","11.0","远离"]}]}
2023/05/14-17:13:57  离开第（1）小题的问题解决页面
2023/05/14-17:13:57  进入第（2）小题的问题解决页面
2023/05/14-17:13:59  页4下拉选择：更小
2023/05/14-17:14:02  选择星球为月球
2023/05/14-17:14:02  选择距离为10(×10³km)
2023/05/14-17:14:02  点击试验(月球,10×10³km)
2023/05/14-17:14:03  点击记录
2023/05/14-17:14:03  表格记录数据 “月球,10.0,远离”
2023/05/14-17:14:04  点击恢复
2023/05/14-17:14:05  选择星球为火星
2023/05/14-17:14:07  选择距离为11(×10³km)
2023/05/14-17:14:07  点击试验(火星,11×10³km)
2023/05/14-17:14:08  点击记录
2023/05/14-17:14:08  表格记录数据 “火星,11.0,环绕”
2023/05/14-17:14:08  点击恢复
2023/05/14-17:14:09  页4作答理由：525252525
2023/05/14-17:14:09  表格全部记录 {name:"航天器",tablecolumn:["星球","距离（×10³km）","状态","操作"],tabledata:[{id:1,value:["月球","10.0","远离"]},{id:2,value:["火星","11.0","环绕"]}]}
2023/05/14-17:14:10  离开第（2）小题的问题解决页面
标题：滑雪运动
2023/05/14-17:14:34  进入第（1）小题的问题解决页面
2023/05/14-17:14:35  页3第一个填空：2
2023/05/14-17:14:36  页3第二个填空：2
2023/05/14-17:14:36  页3第二个填空：25
2023/05/14-17:14:39  坡度为27°
2023/05/14-17:14:40  选择长度为260m
2023/05/14-17:14:41  点击试验(27°,260m)
2023/05/14-17:14:41  点击记录
2023/05/14-17:14:41  表格记录数据 “260,27,48.1”
2023/05/14-17:14:41  点击记录
2023/05/14-17:14:41  表格记录数据 “260,27,48.1”
2023/05/14-17:14:42  点击记录
2023/05/14-17:14:42  表格记录数据 “260,27,48.1”
2023/05/14-17:14:43  点击恢复
2023/05/14-17:14:44  页3作答理由：5252525
2023/05/14-17:14:44  表格全部记录 {name:"滑雪运动",tablecolumn:["长度（m）","坡度（°）","最大速度（m/s）","操作"],tabledata:[{id:1,value:["260","27","48.1"]},{id:2,value:["260","27","48.1"]},{id:3,value:["260","27","48.1"]}]}
2023/05/14-17:14:45  离开第（1）小题的问题解决页面
2023/05/14-17:14:45  进入第（2）小题的问题解决页面
2023/05/14-17:14:47  页4第一个下拉选择：自由式
2023/05/14-17:14:48  页4第二个下拉选择：单板
2023/05/14-17:14:49  页4第三个下拉选择：单板
2023/05/14-17:14:53  选择长度为220m
2023/05/14-17:14:54  坡度为27°
2023/05/14-17:14:55  点击试验(27°,220m)
2023/05/14-17:14:55  点击记录
2023/05/14-17:14:55  表格记录数据 “220,27,44.2”
2023/05/14-17:14:55  点击记录
2023/05/14-17:14:55  表格记录数据 “220,27,44.2”
2023/05/14-17:14:56  点击记录
2023/05/14-17:14:56  表格记录数据 “220,27,44.2”
2023/05/14-17:14:56  点击记录
2023/05/14-17:14:56  表格记录数据 “220,27,44.2”
2023/05/14-17:14:57  点击删除
2023/05/14-17:14:57  表格删除数据 “220,27,44.2”
2023/05/14-17:14:58  点击恢复
2023/05/14-17:15:00  选择长度为240m
2023/05/14-17:15:00  点击试验(25°,240m)
2023/05/14-17:15:01  点击记录
2023/05/14-17:15:01  表格记录数据 “240,25,44.6”
2023/05/14-17:15:03  点击恢复
2023/05/14-17:15:03  点击删除
2023/05/14-17:15:03  表格删除数据 “220,27,44.2”
2023/05/14-17:15:04  页4作答理由：52525777777777777
2023/05/14-17:15:04  表格全部记录 {name:"滑雪运动",tablecolumn:["长度（m）","坡度（°）","最大速度（m/s）","操作"],tabledata:[{id:3,value:["220","27","44.2"]},{id:4,value:["220","27","44.2"]},{id:5,value:["240","25","44.6"]}]}
2023/05/14-17:15:05  离开第（2）小题的问题解决页面
标题：炮弹发射
2023/05/14-17:15:24  进入第（1）小题的问题解决页面
2023/05/14-17:15:26  页3第一个填空：7
2023/05/14-17:15:26  页3第二个填空：7
2023/05/14-17:15:29  炮弹发射角度为200°
2023/05/14-17:15:30  点击试验(20°,100 m/s)
2023/05/14-17:15:30  点击记录
2023/05/14-17:15:30  表格记录数据 “20,100,655.9”
2023/05/14-17:15:31  点击恢复
2023/05/14-17:15:32  炮弹发射角度为300°
2023/05/14-17:15:32  点击试验(30°,100 m/s)
2023/05/14-17:15:33  点击记录
2023/05/14-17:15:33  表格记录数据 “30,100,883.7”
2023/05/14-17:15:34  点击恢复
2023/05/14-17:15:34  页3作答理由：77777777
2023/05/14-17:15:34  表格全部记录 {name:"炮弹发射",tablecolumn:["发射角度（°）","发射速度（m/s）","距离（m）","操作"],tabledata:[{id:1,value:["20","100","655.9"]},{id:2,value:["30","100","883.7"]}]}
2023/05/14-17:15:35  离开第（1）小题的问题解决页面
2023/05/14-17:15:35  进入第（2）小题的问题解决页面
2023/05/14-17:15:36  页4第一个下拉选择：越大越好
2023/05/14-17:15:40  选择发射速度为300 m/s
2023/05/14-17:15:40  炮弹发射角度为50°
2023/05/14-17:15:41  点击试验(50°,300 m/s)
2023/05/14-17:15:41  点击记录
2023/05/14-17:15:41  表格记录数据 “50,300,9044.2”
2023/05/14-17:15:42  点击记录
2023/05/14-17:15:42  表格记录数据 “50,300,9044.2”
2023/05/14-17:15:42  点击记录
2023/05/14-17:15:42  表格记录数据 “50,300,9044.2”
2023/05/14-17:15:42  点击记录
2023/05/14-17:15:42  表格记录数据 “50,300,9044.2”
2023/05/14-17:15:43  点击删除
2023/05/14-17:15:43  表格删除数据 “50,300,9044.2”
2023/05/14-17:15:43  点击恢复
2023/05/14-17:15:45  选择发射速度为500 m/s
2023/05/14-17:15:46  炮弹发射角度为60°
2023/05/14-17:15:46  点击试验(60°,500 m/s)
2023/05/14-17:15:47  点击记录
2023/05/14-17:15:47  表格记录数据 “60,500,22092.5”
2023/05/14-17:15:48  点击恢复
2023/05/14-17:15:48  页4作答理由：7777
2023/05/14-17:15:48  表格全部记录 {name:"炮弹发射",tablecolumn:["发射角度（°）","发射速度（m/s）","距离（m）","操作"],tabledata:[{id:1,value:["50","300","9044.2"]},{id:3,value:["50","300","9044.2"]},{id:4,value:["50","300","9044.2"]},{id:5,value:["60","500","22092.5"]}]}
2023/05/14-17:15:51  页4第二个下拉选择：越小越好
2023/05/14-17:15:52  页4作答理由：7777
2023/05/14-17:15:52  表格全部记录 {name:"炮弹发射",tablecolumn:["发射角度（°）","发射速度（m/s）","距离（m）","操作"],tabledata:[{id:1,value:["50","300","9044.2"]},{id:3,value:["50","300","9044.2"]},{id:4,value:["50","300","9044.2"]},{id:5,value:["60","500","22092.5"]}]}
2023/05/14-17:15:52  离开第（2）小题的问题解决页面
