标题：汽车刹车
2022/11/22-15:30:51	页3答案：B
2022/11/22-15:30:57	页4答案：11
2022/11/22-15:30:58	页4答案：111
2022/11/22-15:31:01	页5答案：会
2022/11/22-15:31:07	页6答案：B
标题：汽车刹车
2022/11/22-15:33:25	页3答案：B
2022/11/22-15:33:30	页4答案：1
2022/11/22-15:33:31	页4答案：1111
2022/11/22-15:33:34	页5答案：会
2022/11/22-15:33:38	页6答案：A
标题：炮弹发射
2022/11/29-23:31:27	进入第（1）小题的问题解决页面
2022/11/29-23:32:01	进入第（1）小题的问题解决页面
2022/11/29-23:32:42	页3第一个下划线答案：d'f
2022/11/29-23:32:44	页3第二个下划线答案：452
2022/11/29-23:32:46	进入第（2）小题的问题解决页面
2022/11/29-23:33:22	页4第一个下拉答案：大
2022/11/29-23:33:25	页4第二个下拉答案：接近45°
2022/11/29-23:33:55	进入第（1）小题的问题解决页面
2022/11/29-23:33:57	页3第一个下划线答案：d'f
2022/11/29-23:33:58	页3第二个下划线答案：452
2022/11/29-23:34:00	进入第（2）小题的问题解决页面
2022/11/29-23:34:02	页4第一个下拉答案：接近45°
2022/11/29-23:34:03	页4第二个下拉答案：快
2022/11/29-23:34:05	离开第（2）小题的问题解决页面
